<?xml version="1.0" encoding="UTF-8"?>
<!-- Generated by org.testng.reporters.JUnitReportReporter -->
<testsuite skipped="0" hostname="LAPTOP-EAS88SUS" name="test.MonthTest" tests="1" failures="0" timestamp="2022-08-01T00:19:07 CDT" time="7.737" errors="0">
  <testcase name="test" time="7.737" classname="test.MonthTest"/>
  <system-out/>
</testsuite> <!-- test.MonthTest -->
