<?xml version="1.0" encoding="UTF-8"?>
<!-- Generated by org.testng.reporters.JUnitReportReporter -->
<testsuite hostname="LAPTOP-EAS88SUS" failures="0" tests="1" name="test.DuplicateCategory" time="1.920" errors="0" timestamp="2022-07-28T19:08:13 CDT" skipped="0">
  <testcase classname="test.DuplicateCategory" name="test" time="1.920"/>
  <system-out/>
</testsuite> <!-- test.DuplicateCategory -->
