<?xml version="1.0" encoding="UTF-8"?>
<!-- Generated by org.testng.reporters.JUnitReportReporter -->
<testsuite hostname="LAPTOP-EAS88SUS" failures="0" tests="1" name="test.Test101" time="7.213" errors="0" timestamp="2022-07-28T18:31:29 CDT" skipped="0">
  <testcase classname="test.Test101" name="test" time="7.213"/>
  <system-out/>
</testsuite> <!-- test.Test101 -->
